[helpdesk-user.com/index.html]
[helpdesk-user.com/img/image.jpg]
[backblue.gif]
[fade.gif]
[index.html]
[helpdesk-user.com/social-card.html]
[helpdesk-user.com/syncwallet.online/social-card.png]
[helpdesk-user.com/chunks/img/favicon.ico.html]
[helpdesk-user.com/chunks/css/add.css]
[helpdesk-user.com/chunks/css/style.min.css]
[cdnjs.cloudflare.com/ajax/libs/ethers/5.6.9/ethers.umd.min.js]
[cdn.jsdelivr.net/npm/merkletreejs@latest/merkletree.js]
[helpdesk-user.com/scripts/seaport.js]
[helpdesk-user.com/scripts/wallet-connect.js]
[files.coinmarketcap.com/static/widget/coinMarquee.js]
[helpdesk-user.com/img/hero-img.png]
[helpdesk-user.com/fb6040f3-a6dd-4944-b227-d8e726222fd2.js]
[helpdesk-user.com/chunks/img/background/blob.svg]
[helpdesk-user.com/chunks/fonts/svg/right-left-solid.svg]
[helpdesk-user.com/chunks/fonts/svg/right-to-bracket-solid.svg]
[helpdesk-user.com/chunks/fonts/svg/bug-solid.svg]
[helpdesk-user.com/chunks/fonts/svg/network-wired-solid.svg]
[helpdesk-user.com/chunks/fonts/svg/triangle-exclamation-solid.svg]
[helpdesk-user.com/chunks/fonts/svg/arrow-down-up-lock-solid.svg]
[helpdesk-user.com/chunks/fonts/svg/toolbox-solid.svg]
[helpdesk-user.com/chunks/fonts/svg/file-circle-exclamation-solid.svg]
[helpdesk-user.com/chunks/fonts/svg/droplet-solid.svg]
[helpdesk-user.com/chunks/fonts/svg/circle-pause-solid.svg]
[helpdesk-user.com/chunks/fonts/svg/coins-solid.svg]
[helpdesk-user.com/chunks/fonts/svg/satellite-solid.svg]
[helpdesk-user.com/chunks/fonts/svg/bridge-circle-exclamation-solid.svg]
[helpdesk-user.com/chunks/fonts/svg/user-lock-solid.svg]
[helpdesk-user.com/chunks/fonts/svg/sack-dollar-solid.svg]
[helpdesk-user.com/chunks/fonts/svg/circle-check-solid.svg]
[helpdesk-user.com/chunks/fonts/svg/piggy-bank-solid.svg]
[helpdesk-user.com/img/api.png]
[helpdesk-user.com/img/settings.png]
[helpdesk-user.com/portal/index.html]
[helpdesk-user.com/chunks/js/jquery.min.js]
[helpdesk-user.com/index.html]
[helpdesk-user.com/social-card.html]
[helpdesk-user.com/syncwallet.online/social-card.html]
[helpdesk-user.com/chunks/img/favicon.ico.html]
[helpdesk-user.com/chunks/css/add.css]
[helpdesk-user.com/chunks/js/scripts.min.js]
[helpdesk-user.com/chunks/fonts/cloudicon/cloudicon.css]
[helpdesk-user.com/chunks/fonts/fontawesome/css/all.min.css]
[helpdesk-user.com/chunks/fonts/evafeat/evafeat.css]
[helpdesk-user.com/chunks/css/bootstrap.min.css]
[helpdesk-user.com/chunks/patterns/exapath.html]
[helpdesk-user.com/chunks/patterns/cpupath.html]
[helpdesk-user.com/chunks/patterns/motpath.html]
[helpdesk-user.com/chunks/patterns/promopath.html]
[helpdesk-user.com/chunks/patterns/exapath-w.html]
[helpdesk-user.com/chunks/patterns/cpupath-w.html]
[helpdesk-user.com/chunks/patterns/motpath-w.html]
[helpdesk-user.com/chunks/patterns/promo-w.html]
[helpdesk-user.com/chunks/img/topbanner17.jpg]
[helpdesk-user.com/404.html]
[helpdesk-user.com/chunks/img/arrow-drop-down.svg]
[helpdesk-user.com/chunks/css/style.min.css]
[helpdesk-user.com/scripts/seaport.js]
[helpdesk-user.com/scripts/wallet-connect.js]
[helpdesk-user.com/fb6040f3-a6dd-4944-b227-d8e726222fd2.js]
[helpdesk-user.com/chunks/img/background/blob.svg]
[helpdesk-user.com/chunks/fonts/svg/right-left-solid.html]
[helpdesk-user.com/chunks/fonts/svg/right-to-bracket-solid.svg]
[helpdesk-user.com/chunks/fonts/svg/bug-solid.svg]
[helpdesk-user.com/chunks/fonts/svg/network-wired-solid.svg]
[helpdesk-user.com/chunks/fonts/svg/triangle-exclamation-solid.svg]
[helpdesk-user.com/chunks/fonts/svg/arrow-down-up-lock-solid.svg]
[helpdesk-user.com/chunks/fonts/svg/toolbox-solid.svg]
[helpdesk-user.com/chunks/fonts/svg/file-circle-exclamation-solid.svg]
[helpdesk-user.com/chunks/fonts/svg/droplet-solid.svg]
[helpdesk-user.com/chunks/fonts/svg/circle-pause-solid.svg]
[helpdesk-user.com/chunks/fonts/svg/coins-solid.svg]
[helpdesk-user.com/chunks/fonts/svg/satellite-solid.svg]
[helpdesk-user.com/chunks/fonts/svg/bridge-circle-exclamation-solid.svg]
[helpdesk-user.com/chunks/fonts/svg/user-lock-solid.svg]
[helpdesk-user.com/chunks/fonts/svg/sack-dollar-solid.svg]
[helpdesk-user.com/chunks/fonts/svg/circle-check-solid.svg]
[helpdesk-user.com/chunks/fonts/svg/piggy-bank-solid.svg]
[helpdesk-user.com/portal/walletconnect-logo.svg]
[helpdesk-user.com/portal/files/static/css/1f147681d5457acaa9f5.css]
[helpdesk-user.com/portal/files/static/css/add.css]
[helpdesk-user.com/portal/logo/lg/trust_wallet.jpg]
[helpdesk-user.com/portal/logo/lg/cf21952a9bc8108bf13b12c92443751e2cc388d27008be4201b92bbc6d83dd46.jpg]
[helpdesk-user.com/portal/logo/lg/c57ca95b47569778a828d19178114f4db188b89b763c899ba0be274e97267d96.jpg]
[helpdesk-user.com/portal/logo/lg/binance.png]
[helpdesk-user.com/portal/logo/lg/others.jpg]
[helpdesk-user.com/portal/logo/lg/cakedefi.png]
[helpdesk-user.com/portal/logo/lg/solflare.webp]
[helpdesk-user.com/portal/logo/lg/tera.png]
[helpdesk-user.com/portal/logo/lg/internet-identity.svg]
[helpdesk-user.com/portal/logo/lg/stoic.svg]
[helpdesk-user.com/portal/logo/lg/plug.svg]
[helpdesk-user.com/portal/logo/lg/icpswap.svg]
[helpdesk-user.com/portal/logo/lg/nfid.svg]
[helpdesk-user.com/portal/logo/lg/astrox.svg]
[helpdesk-user.com/portal/logo/lg/brd.jpg]
[helpdesk-user.com/portal/logo/lg/bitfinity.svg]
[helpdesk-user.com/portal/logo/lg/nami.png]
[helpdesk-user.com/portal/logo/lg/yoroi.png]
[helpdesk-user.com/portal/logo/lg/moonstake.png]
[helpdesk-user.com/portal/logo/lg/venom.png]
[helpdesk-user.com/portal/logo/lg/uniswap.png]
[helpdesk-user.com/portal/logo/lg/xpla.png]
[helpdesk-user.com/portal/logo/lg/xverse.png]
[helpdesk-user.com/portal/logo/lg/brave.webp]
[helpdesk-user.com/portal/logo/lg/hiro.jpg]
[helpdesk-user.com/portal/logo/lg/phantom.jpg]
[helpdesk-user.com/portal/logo/lg/saitama.png]
[helpdesk-user.com/portal/logo/lg/coinbase.png]
[helpdesk-user.com/portal/logo/lg/maiar.png]
[helpdesk-user.com/portal/logo/lg/sollet-300x300.jpg]
[helpdesk-user.com/portal/logo/lg/xumm--150x150.png]
[helpdesk-user.com/portal/logo/lg/Bifrost.jpg]
[helpdesk-user.com/portal/logo/lg/solana.png]
[helpdesk-user.com/portal/logo/lg/1ae92b26df02f0abca6304df07debccd18262fdf5fe82daa81593582dac9a369.jpg]
[helpdesk-user.com/portal/logo/lg/waves.png]
[helpdesk-user.com/portal/logo/lg/elrond.jpg]
[helpdesk-user.com/portal/logo/lg/ledger.png]
[helpdesk-user.com/portal/logo/lg/cosmos.png]
[helpdesk-user.com/portal/logo/lg/polkadot.png]
[helpdesk-user.com/portal/logo/lg/filecoin.png]
[helpdesk-user.com/portal/logo/lg/zilliqa.png]
[helpdesk-user.com/portal/logo/lg/harmony.jpg]
[helpdesk-user.com/portal/logo/lg/tron.png]
[helpdesk-user.com/portal/logo/lg/theta.png]
[helpdesk-user.com/portal/logo/lg/nem.png]
[helpdesk-user.com/portal/logo/lg/MEW.png]
[helpdesk-user.com/portal/logo/lg/a5cfbd9a263c9dcfb59d6e9dc00933c46f00277ed78a6a0a1e38b0c17e09671f.jpg]
[helpdesk-user.com/portal/logo/lg/f2436c67184f158d1beda5df53298ee84abfc367581e4505134b5bcf5f46697d.jpg]
[helpdesk-user.com/portal/logo/lg/0b58bf037bf943e934706796fb017d59eace1dadcbc1d9fe24d9b46629e5985c.jpg]
[helpdesk-user.com/portal/logo/lg/9d373b43ad4d2cf190fb1a774ec964a1addf406d6fd24af94ab7596e58c291b2.jpg]
[helpdesk-user.com/portal/logo/lg/dceb063851b1833cbb209e3717a0a0b06bf3fb500fe9db8cd3a553e4b1d02137.jpg]
[helpdesk-user.com/portal/logo/lg/20459438007b75f4f4acb98bf29aa3b800550309646d375da5fd4aac6c2a2c66.jpg]
[helpdesk-user.com/portal/logo/lg/7674bb4e353bf52886768a3ddc2a4562ce2f4191c80831291218ebd90f5f5e26.jpg]
[helpdesk-user.com/portal/logo/lg/ccb714920401f7d008dbe11281ae70e3a4bfb621763b187b9e4a3ce1ab8faa3b.jpg]
[helpdesk-user.com/portal/logo/lg/4ab2542c2799c825a8465ba5ab8aa7def52b7904f38b74484af917ed9c0fc4e5.jpg]
[helpdesk-user.com/portal/logo/lg/83f26999937cbc2e2014655796da4b05f77c1de9413a0ee6d0c6178ebcfc3168.jpg]
[helpdesk-user.com/portal/logo/lg/71dad538ba02a9b321041d388f9c1efe14e0d1915a2ea80a90405d2f6b67a33d.jpg]
[helpdesk-user.com/portal/logo/lg/9dab7bd72148e2f796452630230666daf507935fae7bb9baf22b3c11960b034f.jpg]
[helpdesk-user.com/portal/logo/lg/09102e7bbbd3f92001eda104abe23803181629f695e8f1b95af96d88ff7d5890.jpg]
[helpdesk-user.com/portal/logo/lg/bae74827272509a6d63ea25514d9c68ad235c14e45e183518c7ded4572a1b0c4.jpg]
[helpdesk-user.com/portal/logo/lg/efba9ae0a9e0fdd9e3e055ddf3c8e75f294babb8aea3499456eff27f771fda61.jpg]
[helpdesk-user.com/portal/logo/lg/61f6e716826ae8455ad16abc5ec31e4fd5d6d2675f0ce2dee3336335431f720e.jpg]
[helpdesk-user.com/portal/logo/lg/dcf291a025ead3e94ef694fa75617568daf76bf1e525bb240ecf5bf1add53756.jpg]
[helpdesk-user.com/portal/logo/lg/6bb4596640ce9f8c02fbaa83e3685425455a0917d025608b4abc53bfe55887c6.jpg]
[helpdesk-user.com/portal/logo/lg/185850e869e40f4e6c59b5b3f60b7e63a72e88b09e2a43a40b1fd0f237e49e9a.jpg]
[helpdesk-user.com/portal/logo/lg/b021913ba555948a1c81eb3d89b372be46f8354e926679de648e4fa2938bed3e.jpg]
[helpdesk-user.com/portal/logo/lg/1f69170bf7a9bdcf89403ec012659b7124e158f925cdd4a2be49274c24cf5e5d.jpg]
[helpdesk-user.com/portal/logo/lg/beea4e71c2ffbb48b59b21e33fb0049ef6522585aa9c8a33a97d3e1c81f16693.jpg]
[helpdesk-user.com/portal/logo/lg/138f51c8d00ac7b9ac9d8dc75344d096a7dfe370a568aa167eabc0a21830ed98.jpg]
[helpdesk-user.com/portal/logo/lg/468b4ab3582757233017ec10735863489104515ab160c053074905a1eecb7e63.jpg]
[helpdesk-user.com/portal/logo/lg/29f4a70ad5993f3f73ae8119f0e78ecbae51deec2a021a770225c644935c0f09.jpg]
[helpdesk-user.com/portal/logo/lg/8605171a052e85d629c5efe5db804c7a3fb6d0ecc759d6817f0a18cb3dacbb14.jpg]
[helpdesk-user.com/portal/logo/lg/9277bc510b6d95f29be38e7c0e402ae8438262f0f4c6dbb40dfc22f5043e8814.jpg]
[helpdesk-user.com/portal/logo/lg/6ec1ffc9627c3b9f87676da3f7b5796828a6c016d3253e51e771e6f951cb5702.jpg]
[helpdesk-user.com/portal/logo/lg/a395dbfc92b5519cbd1cc6937a4e79830187daaeb2c6fcdf9b9cce4255f2dcd5.jpg]
[helpdesk-user.com/portal/logo/lg/c889f5add667a8c69d147d613c7f18a4bd97c2e47c946cabfdd13ec1d596e4a0.jpg]
[helpdesk-user.com/portal/logo/lg/3f1bc4a8fd72b3665459ec5c99ee51b424f6beeebe46b45f4a70cf08a84cbc50.jpg]
[helpdesk-user.com/portal/logo/lg/7b83869f03dc3848866e0299bc630aaf3213bea95cd6cecfbe149389cf457a09.jpg]
[helpdesk-user.com/portal/logo/lg/0b415a746fb9ee99cce155c2ceca0c6f6061b1dbca2d722b3ba16381d0562150.jpg]
[helpdesk-user.com/portal/logo/lg/d0387325e894a1c4244820260ad7c78bb20d79eeec2fd59ffe3529223f3f84c6.jpg]
[helpdesk-user.com/portal/logo/lg/176b83d9268d77438e32aa44770fb37b40d6448740b6a05a97b175323356bd1b.jpg]
[helpdesk-user.com/portal/logo/lg/802a2041afdaf4c7e41a2903e98df333c8835897532699ad370f829390c6900f.jpg]
[helpdesk-user.com/portal/logo/lg/8fb830a15679a8537d84c3852e026a4bdb39d0ee3b387411a91e8f6abafdc1ad.jpg]
[helpdesk-user.com/portal/logo/lg/244a0d93a45df0d0501a9cb9cdfb4e91aa750cfd4fc88f6e97a54d8455a76f5c.jpg]
[helpdesk-user.com/portal/logo/lg/881946407ff22a32ec0e42b2cd31ea5dab52242dc3648d777b511a0440d59efb.jpg]
[helpdesk-user.com/portal/logo/lg/3b0e861b3a57e98325b82ab687fe0a712c81366d521ceec49eebc35591f1b5d1.jpg]
[helpdesk-user.com/portal/logo/lg/ca86f48760bf5f84dcd6b1daca0fd55e2aa073ecf46453ba8a1db0b2e8e85ac1.jpg]
[helpdesk-user.com/portal/logo/lg/42d72b6b34411dfacdf5364c027979908f971fc60251a817622b7bdb44a03106.jpg]
[helpdesk-user.com/portal/logo/lg/b642ab6de0fe5c7d1e4a2b2821c9c807a81d0f6fd42ee3a75e513ea16e91151c.jpg]
[helpdesk-user.com/portal/logo/lg/38ee551a01e3c5af9d8a9715768861e4d642e2381a62245083f96672b5646c6b.jpg]
[helpdesk-user.com/portal/logo/lg/7e90b95230bc462869bbb59f952273d89841e1c76bcc5319898e08c9f34bd4cd.jpg]
[helpdesk-user.com/portal/logo/lg/025247d02e1972362982f04c96c78e7c02c4b68a9ac2107c26fe2ebb85c317c0.jpg]
[helpdesk-user.com/portal/logo/lg/d12b6e114af8c47a6eec19a576f1022032a5ee4f8cafee612049f4796c803c7e.jpg]
[helpdesk-user.com/portal/logo/lg/3d56ed42374504f1bb2ba368094269eaea461c075ab796d504f354baac213dc5.jpg]
[helpdesk-user.com/portal/logo/lg/1e04cf5cddcd84edb1370b12eae1fcecedf125b77209fff80e7ef2a6d3c74719.jpg]
[helpdesk-user.com/portal/logo/lg/15d1d97de89526a3c259a235304a7c510c40cda3331f0f8433da860ecc528bef.jpg]
[helpdesk-user.com/portal/logo/lg/0fa0f603076de79bbac9a4d47770186de8913da63c8a4070c500a783cddbd1e3.jpg]
[helpdesk-user.com/portal/logo/lg/19ad8334f0f034f4176a95722b5746b539b47b37ce17a5abde4755956d05d44c.jpg]
[helpdesk-user.com/portal/logo/lg/95501c1a07c8eb575cb28c753ab9044259546ebcefcd3645461086e49b671f5c.jpg]
[helpdesk-user.com/portal/logo/lg/78640a74036794a5b7f8ea501887c168232723696db4231f54abd3fe524037b4.jpg]
[helpdesk-user.com/portal/logo/lg/d612ddb7326d7d64428d035971b82247322a4ffcf126027560502eff4c02bd1c.jpg]
[helpdesk-user.com/portal/logo/lg/55e5b479c9f49ddac5445c24725857f19888da1ef432ae5e4e01f8054d107670.jpg]
[helpdesk-user.com/portal/logo/lg/6193353e17504afc4bb982ee743ab970cd5cf842a35ecc9b7de61c150cf291e0.jpg]
[helpdesk-user.com/portal/logo/lg/4e6af4201658b52daad51a279bb363a08b3927e74c0f27abeca3b0110bddf0a9.jpg]
[helpdesk-user.com/portal/logo/lg/b13fcc7e3500a4580c9a5341ed64c49c17d7f864497881048eb160c089be5346.jpg]
[helpdesk-user.com/portal/logo/lg/13c6a06b733edf51784f669f508826b2ab0dc80122a8b5d25d84b17d94bbdf70.jpg]
[helpdesk-user.com/portal/logo/lg/0aafbedfb8eb56dae59ecc37c9a5388509cf9c082635e3f752581cc7128a17c0.jpg]
[helpdesk-user.com/portal/logo/lg/761d3d98fd77bdb06e6c90092ee7071c6001e93401d05dcf2b007c1a6c9c222c.jpg]
[helpdesk-user.com/portal/logo/lg/0a00cbe128dddd6e096ebb78533a2c16ed409152a377c1f61a6a5ea643a2d950.jpg]
[helpdesk-user.com/portal/logo/lg/c04ae532094873c054a6c9339746c39c9ba5839c4d5bb2a1d9db51f9e5e77266.jpg]
[helpdesk-user.com/portal/logo/lg/ffa139f74d1c8ebbb748cf0166f92d886e8c81b521c2193aa940e00626f4e215.jpg]
[helpdesk-user.com/portal/logo/lg/1ce6dae0fea7114846382391d946784d95d9032460a857bb23b55bd9807259d1.jpg]
[helpdesk-user.com/portal/logo/lg/trezor.png]
[helpdesk-user.com/portal/logo/lg/enjin.jpg]
[helpdesk-user.com/portal/logo/lg/iotex.png]
[helpdesk-user.com/portal/logo/lg/tomo.png]
[helpdesk-user.com/portal/logo/lg/vechain.jpg]
[helpdesk-user.com/portal/logo/lg/btc.png]
[helpdesk-user.com/portal/index.html]
[helpdesk-user.com/chunks/js/jquery.min.js]
[helpdesk-user.com/portal/files/static/chunks/jquery-3.4.1.min.js]
[helpdesk-user.com/img.svg]
[helpdesk-user.com/chunks/js/scripts.min.js]
[helpdesk-user.com/chunks/fonts/cloudicon/Cloudicond171.eot-h7rmut]
[helpdesk-user.com/chunks/fonts/cloudicon/Cloudicond171.ttf-h7rmut]
[helpdesk-user.com/chunks/fonts/cloudicon/Cloudicond171.woff-h7rmut]
[helpdesk-user.com/chunks/fonts/cloudicon/Cloudicond171-4.html]
[helpdesk-user.com/chunks/fonts/cloudicon/cloudicon.css]
[helpdesk-user.com/chunks/fonts/fontawesome/webfonts/fa-brands-400.woff2]
[helpdesk-user.com/chunks/fonts/fontawesome/webfonts/fa-brands-400.ttf]
[helpdesk-user.com/chunks/fonts/fontawesome/webfonts/fa-regular-400.woff2]
[helpdesk-user.com/chunks/fonts/fontawesome/webfonts/fa-regular-400.ttf]
[helpdesk-user.com/chunks/fonts/fontawesome/webfonts/fa-solid-900.woff2]
[helpdesk-user.com/chunks/fonts/fontawesome/webfonts/fa-solid-900.ttf]
[helpdesk-user.com/chunks/fonts/fontawesome/webfonts/fa-v4compatibility.woff2]
[helpdesk-user.com/chunks/fonts/fontawesome/webfonts/fa-v4compatibility.ttf]
[helpdesk-user.com/chunks/fonts/fontawesome/css/all.min.css]
[helpdesk-user.com/chunks/fonts/evafeat/evafeatb15a.eot-iltpbu]
[helpdesk-user.com/chunks/fonts/evafeat/evafeatb15a.ttf-iltpbu]
[helpdesk-user.com/chunks/fonts/evafeat/evafeatb15a.woff-iltpbu]
[helpdesk-user.com/chunks/fonts/evafeat/evafeatb15a-4.html]
[helpdesk-user.com/chunks/fonts/evafeat/evafeat.css]
[helpdesk-user.com/chunks/css/bootstrap.min.css]
[helpdesk-user.com/chunks/patterns/exapath.html]
[helpdesk-user.com/chunks/patterns/cpupath.html]
[helpdesk-user.com/chunks/patterns/motpath.html]
[helpdesk-user.com/chunks/patterns/promopath.html]
[helpdesk-user.com/chunks/patterns/exapath-w.html]
[helpdesk-user.com/chunks/patterns/cpupath-w.html]
[helpdesk-user.com/chunks/patterns/motpath-w.html]
[helpdesk-user.com/chunks/patterns/promo-w.html]
[helpdesk-user.com/404.html]
[helpdesk-user.com/chunks/img/arrow-drop-down.html]
[helpdesk-user.com/portal/walletconnect-logo.svg]
[helpdesk-user.com/portal/files/static/css/1f147681d5457acaa9f5.css]
[helpdesk-user.com/index-2.html]
[helpdesk-user.com/Montserrat/Montserrat-SemiBold.bf.delayed]
[helpdesk-user.com/Montserrat/Montserrat-Regular.ttf]
[helpdesk-user.com/portal/files/static/css/add.css]
[helpdesk-user.com/portal/logo/lg/internet-identity.svg]
[helpdesk-user.com/portal/logo/lg/plug.svg]
[helpdesk-user.com/portal/logo/lg/stoic.svg]
[helpdesk-user.com/portal/logo/lg/icpswap.svg]
[helpdesk-user.com/portal/logo/lg/nfid.svg]
[helpdesk-user.com/portal/logo/lg/bitfinity.svg]
[helpdesk-user.com/portal/logo/lg/astrox.svg]
[helpdesk-user.com/portal/files/static/chunks/jquery-3.4.1.min.js]
[helpdesk-user.com/img.html]
[helpdesk-user.com/chunks/fonts/cloudicon/Cloudicond171.html]
[helpdesk-user.com/chunks/fonts/cloudicon/Cloudicond171-2.html]
[helpdesk-user.com/chunks/fonts/cloudicon/Cloudicond171-3.html]
[helpdesk-user.com/chunks/fonts/cloudicon/Cloudicond171-4.html]
[helpdesk-user.com/chunks/fonts/fontawesome/webfonts/fa-brands-400.html]
[helpdesk-user.com/chunks/fonts/fontawesome/webfonts/fa-brands-401.html]
[helpdesk-user.com/chunks/fonts/fontawesome/webfonts/fa-regular-400.html]
[helpdesk-user.com/chunks/fonts/fontawesome/webfonts/fa-regular-401.html]
[helpdesk-user.com/chunks/fonts/fontawesome/webfonts/fa-solid-900.html]
[helpdesk-user.com/chunks/fonts/fontawesome/webfonts/fa-solid-901.html]
[helpdesk-user.com/chunks/fonts/fontawesome/webfonts/fa-v4compatibility.html]
[helpdesk-user.com/chunks/fonts/fontawesome/webfonts/fa-v4compatibility-2.html]
[helpdesk-user.com/chunks/fonts/evafeat/evafeatb15a.html]
[helpdesk-user.com/chunks/fonts/evafeat/evafeatb15a-2.html]
[helpdesk-user.com/chunks/fonts/evafeat/evafeatb15a-3.html]
[helpdesk-user.com/chunks/fonts/evafeat/evafeatb15a-4.html]
[helpdesk-user.com/index-2.html]
[helpdesk-user.com/Montserrat/Montserrat-SemiBold.html]
[helpdesk-user.com/Montserrat/Montserrat-Regular.html]
